2025-10-19T23:25:49,903 ECT INFO  [fastfood-api] [] [background-preinit] o.h.v.i.u.Version [line: 21] HV000001: Hibernate Validator 8.0.2.Final
2025-10-19T23:25:49,926 ECT INFO  [fastfood-api] [] [restartedMain] o.s.b.StartupInfoLogger [line: 50] Starting FastfoodApplication using Java 17.0.6 with PID 75240 (/Users/eduardoromero/ERsys/proyectos/negsotel/fastfood-api/fastfood/bootstrap/target/classes started by eduardoromero in /Users/eduardoromero/ERsys/proyectos/negsotel/fastfood-api/fastfood)
2025-10-19T23:25:49,927 ECT INFO  [fastfood-api] [] [restartedMain] o.s.b.SpringApplication [line: 660] The following 1 profile is active: "dev"
2025-10-19T23:25:49,965 ECT INFO  [fastfood-api] [] [restartedMain] o.s.b.l.DeferredLog [line: 252] Devtools property defaults active! Set 'spring.devtools.add-properties' to 'false' to disable
2025-10-19T23:25:49,965 ECT INFO  [fastfood-api] [] [restartedMain] o.s.b.l.DeferredLog [line: 252] For additional web related logging consider setting the 'logging.level.web' property to 'DEBUG'
2025-10-19T23:25:50,726 ECT INFO  [fastfood-api] [] [restartedMain] o.s.d.r.c.RepositoryConfigurationDelegate [line: 143] Bootstrapping Spring Data JPA repositories in DEFAULT mode.
2025-10-19T23:25:50,742 ECT INFO  [fastfood-api] [] [restartedMain] o.s.d.r.c.RepositoryConfigurationDelegate [line: 211] Finished Spring Data repository scanning in 12 ms. Found 0 JPA repository interfaces.
2025-10-19T23:25:51,677 ECT INFO  [fastfood-api] [] [restartedMain] o.s.b.w.e.t.TomcatWebServer [line: 111] Tomcat initialized with port 8081 (http)
2025-10-19T23:25:51,685 ECT INFO  [fastfood-api] [] [restartedMain] o.a.j.l.DirectJDKLog [line: 173] Initializing ProtocolHandler ["http-nio-8081"]
2025-10-19T23:25:51,686 ECT INFO  [fastfood-api] [] [restartedMain] o.a.j.l.DirectJDKLog [line: 173] Starting service [Tomcat]
2025-10-19T23:25:51,686 ECT INFO  [fastfood-api] [] [restartedMain] o.a.j.l.DirectJDKLog [line: 173] Starting Servlet engine: [Apache Tomcat/10.1.39]
2025-10-19T23:25:51,711 ECT INFO  [fastfood-api] [] [restartedMain] o.a.j.l.DirectJDKLog [line: 173] Initializing Spring embedded WebApplicationContext
2025-10-19T23:25:51,712 ECT INFO  [fastfood-api] [] [restartedMain] o.s.b.w.s.c.ServletWebServerApplicationContext [line: 301] Root WebApplicationContext: initialization completed in 1747 ms
2025-10-19T23:25:51,966 ECT INFO  [fastfood-api] [] [restartedMain] o.h.j.i.u.LogHelper [line: 31] HHH000204: Processing PersistenceUnitInfo [name: default]
2025-10-19T23:25:52,049 ECT INFO  [fastfood-api] [] [restartedMain] o.h.Version [line: 44] HHH000412: Hibernate ORM core version 6.5.3.Final
2025-10-19T23:25:52,081 ECT INFO  [fastfood-api] [] [restartedMain] o.h.c.i.RegionFactoryInitiator [line: 50] HHH000026: Second-level cache disabled
2025-10-19T23:25:52,313 ECT INFO  [fastfood-api] [] [restartedMain] o.s.o.j.p.SpringPersistenceUnitInfo [line: 87] No LoadTimeWeaver setup: ignoring JPA class transformer
2025-10-19T23:25:52,343 ECT INFO  [fastfood-api] [] [restartedMain] c.z.h.HikariDataSource [line: 109] HikariPool-1 - Starting...
2025-10-19T23:25:52,562 ECT INFO  [fastfood-api] [] [restartedMain] c.z.h.HikariDataSource [line: 122] HikariPool-1 - Start completed.
2025-10-19T23:25:53,172 ECT WARN  [fastfood-api] [] [restartedMain] o.h.m.RootClass [line: 344] HHH000038: Composite-id class does not override equals(): ec.com.erre.fastfood.infrastructure.api.entities.RecetaItemPK
2025-10-19T23:25:53,173 ECT WARN  [fastfood-api] [] [restartedMain] o.h.m.RootClass [line: 347] HHH000039: Composite-id class does not override hashCode(): ec.com.erre.fastfood.infrastructure.api.entities.RecetaItemPK
2025-10-19T23:25:54,223 ECT INFO  [fastfood-api] [] [restartedMain] o.h.e.t.j.p.i.JtaPlatformInitiator [line: 59] HHH000489: No JTA platform available (set 'hibernate.transaction.jta.platform' to enable JTA platform integration)
2025-10-19T23:25:54,297 ECT INFO  [fastfood-api] [] [restartedMain] o.s.o.j.AbstractEntityManagerFactoryBean [line: 437] Initialized JPA EntityManagerFactory for persistence unit 'default'
2025-10-19T23:25:56,203 ECT INFO  [fastfood-api] [] [restartedMain] o.s.b.a.e.w.EndpointLinksResolver [line: 60] Exposing 3 endpoints beneath base path '/actuator'
2025-10-19T23:25:56,979 ECT INFO  [fastfood-api] [] [restartedMain] o.a.j.l.DirectJDKLog [line: 173] Starting ProtocolHandler ["http-nio-8081"]
2025-10-19T23:25:56,991 ECT INFO  [fastfood-api] [] [restartedMain] o.s.b.w.e.t.TomcatWebServer [line: 243] Tomcat started on port 8081 (http) with context path '/fastfood/api'
2025-10-19T23:25:57,009 ECT INFO  [fastfood-api] [] [restartedMain] o.s.b.StartupInfoLogger [line: 56] Started FastfoodApplication in 7.307 seconds (process running for 8.253)
2025-10-19T23:25:57,612 ECT INFO  [fastfood-api] [] [RMI TCP Connection(2)-127.0.0.1] o.a.j.l.DirectJDKLog [line: 173] Initializing Spring DispatcherServlet 'dispatcherServlet'
2025-10-19T23:25:57,616 ECT INFO  [fastfood-api] [] [RMI TCP Connection(2)-127.0.0.1] o.s.w.s.FrameworkServlet [line: 532] Initializing Servlet 'dispatcherServlet'
2025-10-19T23:25:57,630 ECT INFO  [fastfood-api] [] [RMI TCP Connection(2)-127.0.0.1] o.s.w.s.FrameworkServlet [line: 554] Completed initialization in 3 ms
2025-10-19T23:26:00,206 ECT INFO  [fastfood-api] [] [http-nio-8081-exec-4] c.z.h.HikariDataSource [line: 109] HikariPool-2 - Starting...
2025-10-19T23:26:00,248 ECT INFO  [fastfood-api] [] [http-nio-8081-exec-4] c.z.h.HikariDataSource [line: 122] HikariPool-2 - Start completed.
